[28544:27192:0814/050247.569:INFO:components\enterprise\browser\controller\chrome_browser_cloud_management_controller.cc:202] No machine level policy manager exists.
[28544:27192:0814/050249.282:INFO:CONSOLE:8324] "JQMIGRATE: Migrate is installed with logging active, version 1.4.1", source: https://online.erieri.com/bundles/baseScript?v=KI2xCuZakwrgqvwr-x5WlwylzyGRUTLksJhzEzPXpD81 (8324)
[28544:27192:0814/050251.747:INFO:CONSOLE:8324] "JQMIGRATE: Migrate is installed with logging active, version 1.4.1", source: https://online.erieri.com/bundles/baseScript?v=KI2xCuZakwrgqvwr-x5WlwylzyGRUTLksJhzEzPXpD81 (8324)
[28544:27192:0814/050252.853:INFO:CONSOLE:0] "Potential permissions policy violation: autoplay is not allowed in this document.", source:  (0)
[28544:27192:0814/050253.310:INFO:CONSOLE:8324] "JQMIGRATE: Migrate is installed with logging active, version 1.4.1", source: https://online.erieri.com/bundles/baseScript?v=KI2xCuZakwrgqvwr-x5WlwylzyGRUTLksJhzEzPXpD81 (8324)
[28544:27192:0814/050253.938:INFO:CONSOLE:8343] "JQMIGRATE: jQuery.support.boxModel is deprecated", source: https://online.erieri.com/bundles/baseScript?v=KI2xCuZakwrgqvwr-x5WlwylzyGRUTLksJhzEzPXpD81 (8343)
[28544:27192:0814/050253.938:INFO:CONSOLE:8345] "console.trace", source: https://online.erieri.com/bundles/baseScript?v=KI2xCuZakwrgqvwr-x5WlwylzyGRUTLksJhzEzPXpD81 (8345)
[28544:27192:0814/050253.938:INFO:CONSOLE:8343] "JQMIGRATE: jQuery.event.handle is undocumented and deprecated", source: https://online.erieri.com/bundles/baseScript?v=KI2xCuZakwrgqvwr-x5WlwylzyGRUTLksJhzEzPXpD81 (8343)
[28544:27192:0814/050253.938:INFO:CONSOLE:8345] "console.trace", source: https://online.erieri.com/bundles/baseScript?v=KI2xCuZakwrgqvwr-x5WlwylzyGRUTLksJhzEzPXpD81 (8345)
[28544:27192:0814/050253.938:INFO:CONSOLE:8343] "JQMIGRATE: jQuery.attrFn is deprecated", source: https://online.erieri.com/bundles/baseScript?v=KI2xCuZakwrgqvwr-x5WlwylzyGRUTLksJhzEzPXpD81 (8343)
[28544:27192:0814/050253.938:INFO:CONSOLE:8345] "console.trace", source: https://online.erieri.com/bundles/baseScript?v=KI2xCuZakwrgqvwr-x5WlwylzyGRUTLksJhzEzPXpD81 (8345)
[28544:27192:0814/050253.938:INFO:CONSOLE:8343] "JQMIGRATE: jQuery.browser is deprecated", source: https://online.erieri.com/bundles/baseScript?v=KI2xCuZakwrgqvwr-x5WlwylzyGRUTLksJhzEzPXpD81 (8343)
[28544:27192:0814/050253.938:INFO:CONSOLE:8345] "console.trace", source: https://online.erieri.com/bundles/baseScript?v=KI2xCuZakwrgqvwr-x5WlwylzyGRUTLksJhzEzPXpD81 (8345)
[28544:27192:0814/050253.938:INFO:CONSOLE:8343] "JQMIGRATE: jQuery.boxModel is deprecated", source: https://online.erieri.com/bundles/baseScript?v=KI2xCuZakwrgqvwr-x5WlwylzyGRUTLksJhzEzPXpD81 (8343)
[28544:27192:0814/050253.938:INFO:CONSOLE:8345] "console.trace", source: https://online.erieri.com/bundles/baseScript?v=KI2xCuZakwrgqvwr-x5WlwylzyGRUTLksJhzEzPXpD81 (8345)
[28544:27192:0814/050254.763:INFO:CONSOLE:8343] "JQMIGRATE: jQuery.parseJSON requires a valid JSON string", source: https://online.erieri.com/bundles/baseScript?v=KI2xCuZakwrgqvwr-x5WlwylzyGRUTLksJhzEzPXpD81 (8343)
[28544:27192:0814/050254.764:INFO:CONSOLE:8345] "console.trace", source: https://online.erieri.com/bundles/baseScript?v=KI2xCuZakwrgqvwr-x5WlwylzyGRUTLksJhzEzPXpD81 (8345)
[28544:27192:0814/050255.568:INFO:CONSOLE:8324] "JQMIGRATE: Migrate is installed with logging active, version 1.4.1", source: https://online.erieri.com/bundles/baseScript?v=KI2xCuZakwrgqvwr-x5WlwylzyGRUTLksJhzEzPXpD81 (8324)
[28544:27192:0814/050256.441:INFO:CONSOLE:8343] "JQMIGRATE: jQuery.support.boxModel is deprecated", source: https://online.erieri.com/bundles/baseScript?v=KI2xCuZakwrgqvwr-x5WlwylzyGRUTLksJhzEzPXpD81 (8343)
[28544:27192:0814/050256.441:INFO:CONSOLE:8345] "console.trace", source: https://online.erieri.com/bundles/baseScript?v=KI2xCuZakwrgqvwr-x5WlwylzyGRUTLksJhzEzPXpD81 (8345)
[28544:27192:0814/050256.441:INFO:CONSOLE:8343] "JQMIGRATE: jQuery.event.handle is undocumented and deprecated", source: https://online.erieri.com/bundles/baseScript?v=KI2xCuZakwrgqvwr-x5WlwylzyGRUTLksJhzEzPXpD81 (8343)
[28544:27192:0814/050256.441:INFO:CONSOLE:8345] "console.trace", source: https://online.erieri.com/bundles/baseScript?v=KI2xCuZakwrgqvwr-x5WlwylzyGRUTLksJhzEzPXpD81 (8345)
[28544:27192:0814/050256.441:INFO:CONSOLE:8343] "JQMIGRATE: jQuery.attrFn is deprecated", source: https://online.erieri.com/bundles/baseScript?v=KI2xCuZakwrgqvwr-x5WlwylzyGRUTLksJhzEzPXpD81 (8343)
[28544:27192:0814/050256.441:INFO:CONSOLE:8345] "console.trace", source: https://online.erieri.com/bundles/baseScript?v=KI2xCuZakwrgqvwr-x5WlwylzyGRUTLksJhzEzPXpD81 (8345)
[28544:27192:0814/050256.441:INFO:CONSOLE:8343] "JQMIGRATE: jQuery.browser is deprecated", source: https://online.erieri.com/bundles/baseScript?v=KI2xCuZakwrgqvwr-x5WlwylzyGRUTLksJhzEzPXpD81 (8343)
[28544:27192:0814/050256.441:INFO:CONSOLE:8345] "console.trace", source: https://online.erieri.com/bundles/baseScript?v=KI2xCuZakwrgqvwr-x5WlwylzyGRUTLksJhzEzPXpD81 (8345)
[28544:27192:0814/050256.441:INFO:CONSOLE:8343] "JQMIGRATE: jQuery.boxModel is deprecated", source: https://online.erieri.com/bundles/baseScript?v=KI2xCuZakwrgqvwr-x5WlwylzyGRUTLksJhzEzPXpD81 (8343)
[28544:27192:0814/050256.441:INFO:CONSOLE:8345] "console.trace", source: https://online.erieri.com/bundles/baseScript?v=KI2xCuZakwrgqvwr-x5WlwylzyGRUTLksJhzEzPXpD81 (8345)
[28544:27192:0814/050256.902:INFO:CONSOLE:8343] "JQMIGRATE: $(html) HTML text after last tag is ignored", source: https://online.erieri.com/bundles/baseScript?v=KI2xCuZakwrgqvwr-x5WlwylzyGRUTLksJhzEzPXpD81 (8343)
[28544:27192:0814/050256.903:INFO:CONSOLE:8345] "console.trace", source: https://online.erieri.com/bundles/baseScript?v=KI2xCuZakwrgqvwr-x5WlwylzyGRUTLksJhzEzPXpD81 (8345)
[28544:27192:0814/050257.530:INFO:CONSOLE:8343] "JQMIGRATE: Can't change the 'type' of an input or button in IE 6/7/8", source: https://online.erieri.com/bundles/baseScript?v=KI2xCuZakwrgqvwr-x5WlwylzyGRUTLksJhzEzPXpD81 (8343)
[28544:27192:0814/050257.530:INFO:CONSOLE:8345] "console.trace", source: https://online.erieri.com/bundles/baseScript?v=KI2xCuZakwrgqvwr-x5WlwylzyGRUTLksJhzEzPXpD81 (8345)
[28544:27192:0814/050300.413:INFO:CONSOLE:8343] "JQMIGRATE: jQuery.parseJSON requires a valid JSON string", source: https://online.erieri.com/bundles/baseScript?v=KI2xCuZakwrgqvwr-x5WlwylzyGRUTLksJhzEzPXpD81 (8343)
[28544:27192:0814/050300.413:INFO:CONSOLE:8345] "console.trace", source: https://online.erieri.com/bundles/baseScript?v=KI2xCuZakwrgqvwr-x5WlwylzyGRUTLksJhzEzPXpD81 (8345)
[28544:17240:0814/050303.548:ERROR:google_apis\gcm\engine\registration_request.cc:291] Registration response error message: DEPRECATED_ENDPOINT
[28544:17240:0814/050332.171:ERROR:google_apis\gcm\engine\registration_request.cc:291] Registration response error message: DEPRECATED_ENDPOINT
[28544:17240:0814/050430.266:ERROR:google_apis\gcm\engine\registration_request.cc:291] Registration response error message: DEPRECATED_ENDPOINT
